IQ-TREE multicore version 2.0.6 for Windows 32-bit built May 30 2020
Developed by Bui Quang Minh, Nguyen Lam Tung, Olga Chernomor,
Heiko Schmidt, Dominik Schrempf, Michael Woodhams.

Host:    Mayra-Coro (SSE4.2, 1 GB RAM)
Command: C:\Users\Mayra\Desktop\Proyecto_final_MCoro\iqtree-2.0.6-Windows32\bin\iqtree2.exe -s C:/Users/Mayra/Desktop/Proyecto_final_MCoro/alineamiento.aln-fasta -B 1000
Seed:    602264 (Using SPRNG - Scalable Parallel Random Number Generator)
Time:    Mon Jun 24 16:24:34 2024
Kernel:  SSE2 - 1 threads (8 CPU cores detected)

HINT: Use -nt option to specify number of threads because your CPU has 8 cores!
HINT: -nt AUTO will automatically determine the best number of threads to use.

Reading alignment file C:/Users/Mayra/Desktop/Proyecto_final_MCoro/alineamiento.aln-fasta ... Fasta format detected
Alignment most likely contains DNA/RNA sequences
Alignment has 32 sequences with 3197 columns, 1847 distinct patterns
1076 parsimony-informative, 694 singleton sites, 1427 constant sites
                          Gap/Ambiguity  Composition  p-value
   1  Perognathus_longimembris   29.18%    passed     20.89%
   2  Dipodomys_ordii            32.97%    passed     34.95%
   3  Dipodomys_spectabilis      50.67%    passed     50.97%
   4  Meriones_unguiculatus      37.10%    failed      0.02%
   5  Psammomys_obesus           27.34%    failed      0.00%
   6  Acomys_russatus            62.84%    failed      2.31%
   7  Mastomys_coucha            39.97%    passed     85.77%
   8  Apodemus_sylvaticus        43.07%    passed     87.56%
   9  Mus_pahari                 44.45%    passed     44.91%
  10  Mus_musculus               45.95%    passed     77.24%
  11  Mus_caroli                 44.60%    passed     65.98%
  12  Rattus_norvegicus          45.42%    passed     93.36%
  13  Rattus_rattus              44.14%    passed     88.12%
  14  Grammomys_surdaster        44.85%    passed     59.46%
  15  Arvicanthis_niloticus      44.14%    passed     15.56%
  16  Castor_canadensis          32.00%    passed     28.59%
  17  Jaculus_jaculus            32.06%    passed     95.04%
  18  Nannospalax_galili         56.93%    failed      1.90%
  19  Phodopus_roborovskii       34.81%    passed     55.08%
  20  Cricetulus_griseus         42.57%    passed     67.33%
  21  Mesocricetus_auratus       35.50%    passed     78.84%
  22  Myodes_glareolus           36.60%    passed     65.58%
  23  Arvicola_amphibius         50.48%    passed     41.27%
  24  Microtus_fortis            32.28%    passed     51.97%
  25  Chionomys_nivalis          37.00%    passed     91.60%
  26  Microtus_oregoni           34.56%    passed     79.82%
  27  Microtus_ochrogaster       34.97%    passed     66.21%
  28  Peromyscus_eremicus        38.25%    passed     58.25%
  29  Onychomys_torridus         34.72%    passed     96.79%
  30  Peromyscus_californicus    32.03%    passed     91.42%
  31  Peromyscus_maniculatus     41.16%    passed     56.31%
  32  Peromyscus_leucopus        41.63%    passed     26.24%
WARNING: 4 sequences contain more than 50% gaps/ambiguity
****  TOTAL                      40.13%  4 sequences failed composition chi2 test (p-value<5%; df=3)


Create initial parsimony tree by phylogenetic likelihood library (PLL)... 0.005 seconds
Perform fast likelihood tree search using GTR+I+G model...
Estimate model parameters (epsilon = 5.000)
Perform nearest neighbor interchange...
Estimate model parameters (epsilon = 1.000)
1. Initial log-likelihood: -22684.203
Optimal log-likelihood: -22683.897
Rate parameters:  A-C: 0.99998  A-G: 3.61652  A-T: 0.88208  C-G: 0.72850  C-T: 2.63651  G-T: 1.00000
Base frequencies:  A: 0.225  C: 0.296  G: 0.241  T: 0.238
Proportion of invariable sites: 0.187
Gamma shape alpha: 2.140
Parameters optimization took 1 rounds (0.104 sec)
Time for fast ML tree search: 0.688 seconds

NOTE: ModelFinder requires 26 MB RAM!
ModelFinder will test up to 286 DNA models (sample size: 3197) ...
 No. Model         -LnL         df  AIC          AICc         BIC
  1  GTR+F         23224.373    69  46586.746    46589.836    47005.574
  2  GTR+F+I       22781.240    70  45702.479    45705.659    46127.377
  3  GTR+F+G4      22696.322    70  45532.644    45535.823    45957.541
  4  GTR+F+I+G4    22683.458    71  45508.915    45512.187    45939.883
  5  GTR+F+R2      22698.267    71  45538.533    45541.805    45969.501
  6  GTR+F+R3      22683.874    73  45513.748    45517.207    45956.855
  7  GTR+F+R4      22683.238    75  45516.476    45520.128    45971.723
 17  SYM+I+G4      22712.179    68  45560.359    45563.359    45973.117
 30  TVM+F+I+G4    22700.519    70  45541.039    45544.218    45965.936
 43  TVMe+I+G4     22715.399    67  45564.797    45567.709    45971.485
 56  TIM3+F+I+G4   22690.554    69  45519.108    45522.197    45937.936
 69  TIM3e+I+G4    22718.172    66  45568.344    45571.170    45968.962
 82  TIM2+F+I+G4   22690.226    69  45518.452    45521.541    45937.280
 95  TIM2e+I+G4    22718.728    66  45569.456    45572.281    45970.074
108  TIM+F+I+G4    22685.158    69  45508.316    45511.405    45927.144
121  TIMe+I+G4     22713.069    66  45558.138    45560.964    45958.756
134  TPM3u+F+I+G4  22707.649    68  45551.298    45554.298    45964.056
147  TPM3+F+I+G4   22707.649    68  45551.298    45554.298    45964.056
160  TPM2u+F+I+G4  22707.389    68  45550.778    45553.778    45963.535
173  TPM2+F+I+G4   22707.389    68  45550.778    45553.778    45963.535
186  K3Pu+F+I+G4   22702.295    68  45540.591    45543.591    45953.348
199  K3P+I+G4      22716.465    65  45562.930    45565.670    45957.477
212  TN+F+I+G4     22691.570    68  45519.140    45522.140    45931.898
225  TNe+I+G4      22718.949    65  45567.899    45570.639    45962.447
238  HKY+F+I+G4    22708.786    67  45551.573    45554.485    45958.261
251  K2P+I+G4      22722.369    64  45572.738    45575.395    45961.216
264  F81+F+I+G4    23319.228    66  46770.457    46773.282    47171.075
277  JC+I+G4       23337.373    63  46800.745    46803.319    47183.153
Akaike Information Criterion:           TIM+F+I+G4
Corrected Akaike Information Criterion: TIM+F+I+G4
Bayesian Information Criterion:         TIM+F+I+G4
Best-fit model: TIM+F+I+G4 chosen according to BIC

All model information printed to C:/Users/Mayra/Desktop/Proyecto_final_MCoro/alineamiento.aln-fasta.model.gz
CPU time for ModelFinder: 8.297 seconds (0h:0m:8s)
Wall-clock time for ModelFinder: 8.601 seconds (0h:0m:8s)
Generating 1000 samples for ultrafast bootstrap (seed: 602264)...

NOTE: 14 MB RAM (0 GB) is required!
Estimate model parameters (epsilon = 0.100)
Thoroughly optimizing +I+G parameters from 10 start values...
Init pinv, alpha: 0.000, 1.926 / Estimate: 0.000, 0.929 / LogL: -22697.742
Init pinv, alpha: 0.050, 1.926 / Estimate: 0.137, 1.604 / LogL: -22685.794
Init pinv, alpha: 0.099, 1.926 / Estimate: 0.137, 1.598 / LogL: -22685.829
Init pinv, alpha: 0.149, 1.926 / Estimate: 0.151, 1.724 / LogL: -22685.261
Init pinv, alpha: 0.198, 1.926 / Estimate: 0.178, 2.009 / LogL: -22685.372
Init pinv, alpha: 0.248, 1.926 / Estimate: 0.178, 2.007 / LogL: -22685.364
Init pinv, alpha: 0.298, 1.926 / Estimate: 0.178, 2.013 / LogL: -22685.385
Init pinv, alpha: 0.347, 1.926 / Estimate: 0.177, 2.003 / LogL: -22685.353
Init pinv, alpha: 0.397, 1.926 / Estimate: 0.178, 2.011 / LogL: -22685.379
Init pinv, alpha: 0.446, 1.926 / Estimate: 0.177, 1.995 / LogL: -22685.327
Optimal pinv,alpha: 0.151, 1.724 / LogL: -22685.261

Parameters optimization took 8.942 sec
Computing ML distances based on estimated model parameters... 0.047 sec
Computing BIONJ tree...
0.003 seconds
Log-likelihood of BIONJ tree: -22720.734
--------------------------------------------------------------------
|             INITIALIZING CANDIDATE TREE SET                      |
--------------------------------------------------------------------
Generating 98 parsimony trees... 0.650 second
Computing log-likelihood of 98 initial trees ... 1.590 seconds
Current best score: -22685.261

Do NNI search on 20 best initial trees
Estimate model parameters (epsilon = 0.100)
BETTER TREE FOUND at iteration 1: -22685.233
Estimate model parameters (epsilon = 0.100)
BETTER TREE FOUND at iteration 4: -22685.132
Iteration 10 / LogL: -22685.512 / Time: 0h:0m:14s
Iteration 20 / LogL: -22685.138 / Time: 0h:0m:17s
Finish initializing candidate tree set (3)
Current best tree score: -22685.132 / CPU time: 8.341
Number of iterations: 20
--------------------------------------------------------------------
|               OPTIMIZING CANDIDATE TREE SET                      |
--------------------------------------------------------------------
Iteration 30 / LogL: -22685.477 / Time: 0h:0m:20s (0h:0m:51s left)
Iteration 40 / LogL: -22686.070 / Time: 0h:0m:23s (0h:0m:38s left)
Iteration 50 / LogL: -22685.318 / Time: 0h:0m:26s (0h:0m:28s left)
Log-likelihood cutoff on original alignment: -22725.281
Iteration 60 / LogL: -22697.604 / Time: 0h:0m:29s (0h:0m:21s left)
Iteration 70 / LogL: -22685.414 / Time: 0h:0m:32s (0h:0m:15s left)
Iteration 80 / LogL: -22697.666 / Time: 0h:0m:34s (0h:0m:10s left)
Iteration 90 / LogL: -22685.371 / Time: 0h:0m:37s (0h:0m:5s left)
Iteration 100 / LogL: -22685.435 / Time: 0h:0m:40s (0h:0m:1s left)
Log-likelihood cutoff on original alignment: -22725.281
NOTE: Bootstrap correlation coefficient of split occurrence frequencies: 1.000
TREE SEARCH COMPLETED AFTER 105 ITERATIONS / Time: 0h:0m:42s

--------------------------------------------------------------------
|                    FINALIZING TREE SEARCH                        |
--------------------------------------------------------------------
Performs final model parameters optimization
Estimate model parameters (epsilon = 0.010)
1. Initial log-likelihood: -22685.132
2. Current log-likelihood: -22685.112
3. Current log-likelihood: -22685.095
4. Current log-likelihood: -22685.080
5. Current log-likelihood: -22685.068
6. Current log-likelihood: -22685.058
Optimal log-likelihood: -22685.049
Rate parameters:  A-C: 1.00000  A-G: 3.60270  A-T: 0.78780  C-G: 0.78780  C-T: 2.62537  G-T: 1.00000
Base frequencies:  A: 0.225  C: 0.296  G: 0.241  T: 0.238
Proportion of invariable sites: 0.157
Gamma shape alpha: 1.784
Parameters optimization took 6 rounds (0.361 sec)
BEST SCORE FOUND : -22685.049
Creating bootstrap support values...
Split supports printed to NEXUS file C:/Users/Mayra/Desktop/Proyecto_final_MCoro/alineamiento.aln-fasta.splits.nex
Total tree length: 2.766

Total number of iterations: 105
CPU time used for tree search: 31.438 sec (0h:0m:31s)
Wall-clock time used for tree search: 33.156 sec (0h:0m:33s)
Total CPU time used: 40.859 sec (0h:0m:40s)
Total wall-clock time used: 42.836 sec (0h:0m:42s)

Computing bootstrap consensus tree...
Reading input file C:/Users/Mayra/Desktop/Proyecto_final_MCoro/alineamiento.aln-fasta.splits.nex...
32 taxa and 105 splits.
Consensus tree written to C:/Users/Mayra/Desktop/Proyecto_final_MCoro/alineamiento.aln-fasta.contree
Reading input trees file C:/Users/Mayra/Desktop/Proyecto_final_MCoro/alineamiento.aln-fasta.contree
Log-likelihood of consensus tree: -22685.049

Analysis results written to: 
  IQ-TREE report:                C:/Users/Mayra/Desktop/Proyecto_final_MCoro/alineamiento.aln-fasta.iqtree
  Maximum-likelihood tree:       C:/Users/Mayra/Desktop/Proyecto_final_MCoro/alineamiento.aln-fasta.treefile
  Likelihood distances:          C:/Users/Mayra/Desktop/Proyecto_final_MCoro/alineamiento.aln-fasta.mldist

Ultrafast bootstrap approximation results written to:
  Split support values:          C:/Users/Mayra/Desktop/Proyecto_final_MCoro/alineamiento.aln-fasta.splits.nex
  Consensus tree:                C:/Users/Mayra/Desktop/Proyecto_final_MCoro/alineamiento.aln-fasta.contree
  Screen log file:               C:/Users/Mayra/Desktop/Proyecto_final_MCoro/alineamiento.aln-fasta.log

Date and Time: Mon Jun 24 16:25:26 2024
